# JRE version: Java(TM) SE Runtime Environment (17.0.8+9) (build 17.0.8+9-LTS-211)
# Java VM: Java HotSpot(TM) 64-Bit Server VM (17.0.8+9-LTS-211, mixed mode, sharing, tiered, compressed oops, compressed class ptrs, g1 gc, windows-amd64)
GC Precious Log:
 CPUs: 12 total, 12 available
 Memory: 7411M
 Large Page Support: Disabled
 NUMA Support: Disabled
 Compressed Oops: Enabled (32-bit)
 Heap Region Size: 1M
 Heap Min Capacity: 8M
 Heap Initial Capacity: 116M
 Heap Max Capacity: 1854M
 Pre-touch: Disabled
 Parallel Workers: 10
 Concurrent Workers: 3
 Concurrent Refinement Workers: 10
 Periodic GC: Disabled
Heap:
 garbage-first heap   total 58368K, used 43761K [0x000000008c200000, 0x0000000100000000)
  region size 1024K, 12 young (12288K), 2 survivors (2048K)
 Metaspace       used 71252K, committed 71808K, reserved 1114112K
  class space    used 9789K, committed 10048K, reserved 1048576K
GC Heap History (20 events):
Event: 7.096 GC heap before
{Heap before GC invocations=12 (full 0):
 garbage-first heap   total 55296K, used 42884K [0x000000008c200000, 0x0000000100000000)
  region size 1024K, 21 young (21504K), 2 survivors (2048K)
 Metaspace       used 48504K, committed 49024K, reserved 1114112K
  class space    used 6429K, committed 6656K, reserved 1048576K
}
Event: 7.099 GC heap after
{Heap after GC invocations=13 (full 0):
 garbage-first heap   total 55296K, used 25401K [0x000000008c200000, 0x0000000100000000)
  region size 1024K, 3 young (3072K), 3 survivors (3072K)
 Metaspace       used 48504K, committed 49024K, reserved 1114112K
  class space    used 6429K, committed 6656K, reserved 1048576K
}
Event: 7.519 GC heap before
{Heap before GC invocations=13 (full 0):
 garbage-first heap   total 55296K, used 41785K [0x000000008c200000, 0x0000000100000000)
  region size 1024K, 20 young (20480K), 3 survivors (3072K)
 Metaspace       used 53470K, committed 53888K, reserved 1114112K
  class space    used 7150K, committed 7360K, reserved 1048576K
}
Event: 7.521 GC heap after
{Heap after GC invocations=14 (full 0):
 garbage-first heap   total 55296K, used 26492K [0x000000008c200000, 0x0000000100000000)
  region size 1024K, 2 young (2048K), 2 survivors (2048K)
 Metaspace       used 53470K, committed 53888K, reserved 1114112K
  class space    used 7150K, committed 7360K, reserved 1048576K
}
Event: 7.849 GC heap before
{Heap before GC invocations=14 (full 0):
 garbage-first heap   total 55296K, used 41852K [0x000000008c200000, 0x0000000100000000)
  region size 1024K, 18 young (18432K), 2 survivors (2048K)
 Metaspace       used 56641K, committed 57152K, reserved 1114112K
  class space    used 7699K, committed 7936K, reserved 1048576K
}
Event: 7.851 GC heap after
{Heap after GC invocations=15 (full 0):
 garbage-first heap   total 55296K, used 26954K [0x000000008c200000, 0x0000000100000000)
  region size 1024K, 2 young (2048K), 2 survivors (2048K)
 Metaspace       used 56641K, committed 57152K, reserved 1114112K
  class space    used 7699K, committed 7936K, reserved 1048576K
}
Event: 8.459 GC heap before
{Heap before GC invocations=16 (full 0):
 garbage-first heap   total 55296K, used 43338K [0x000000008c200000, 0x0000000100000000)
  region size 1024K, 19 young (19456K), 2 survivors (2048K)
 Metaspace       used 59689K, committed 60160K, reserved 1114112K
  class space    used 8139K, committed 8384K, reserved 1048576K
}
Event: 8.461 GC heap after
{Heap after GC invocations=17 (full 0):
 garbage-first heap   total 55296K, used 28363K [0x000000008c200000, 0x0000000100000000)
  region size 1024K, 3 young (3072K), 3 survivors (3072K)
 Metaspace       used 59689K, committed 60160K, reserved 1114112K
  class space    used 8139K, committed 8384K, reserved 1048576K
}
Event: 8.672 GC heap before
{Heap before GC invocations=17 (full 0):
 garbage-first heap   total 55296K, used 44747K [0x000000008c200000, 0x0000000100000000)
  region size 1024K, 19 young (19456K), 3 survivors (3072K)
 Metaspace       used 61353K, committed 61888K, reserved 1114112K
  class space    used 8368K, committed 8640K, reserved 1048576K
}
Event: 8.675 GC heap after
{Heap after GC invocations=18 (full 0):
 garbage-first heap   total 55296K, used 29117K [0x000000008c200000, 0x0000000100000000)
  region size 1024K, 3 young (3072K), 3 survivors (3072K)
 Metaspace       used 61353K, committed 61888K, reserved 1114112K
  class space    used 8368K, committed 8640K, reserved 1048576K
}
Event: 8.787 GC heap before
{Heap before GC invocations=19 (full 0):
 garbage-first heap   total 56320K, used 43453K [0x000000008c200000, 0x0000000100000000)
  region size 1024K, 17 young (17408K), 3 survivors (3072K)
 Metaspace       used 62092K, committed 62592K, reserved 1114112K
  class space    used 8448K, committed 8704K, reserved 1048576K
}
Event: 8.788 GC heap after
{Heap after GC invocations=20 (full 0):
 garbage-first heap   total 56320K, used 29626K [0x000000008c200000, 0x0000000100000000)
  region size 1024K, 2 young (2048K), 2 survivors (2048K)
 Metaspace       used 62092K, committed 62592K, reserved 1114112K
  class space    used 8448K, committed 8704K, reserved 1048576K
}
Event: 8.954 GC heap before
{Heap before GC invocations=20 (full 0):
 garbage-first heap   total 56320K, used 44986K [0x000000008c200000, 0x0000000100000000)
  region size 1024K, 18 young (18432K), 2 survivors (2048K)
 Metaspace       used 63742K, committed 64192K, reserved 1114112K
  class space    used 8810K, committed 9024K, reserved 1048576K
}
Event: 8.957 GC heap after
{Heap after GC invocations=21 (full 0):
 garbage-first heap   total 56320K, used 30880K [0x000000008c200000, 0x0000000100000000)
  region size 1024K, 3 young (3072K), 3 survivors (3072K)
 Metaspace       used 63742K, committed 64192K, reserved 1114112K
  class space    used 8810K, committed 9024K, reserved 1048576K
}
Event: 9.229 GC heap before
{Heap before GC invocations=22 (full 0):
 garbage-first heap   total 56320K, used 46240K [0x000000008c200000, 0x0000000100000000)
  region size 1024K, 18 young (18432K), 3 survivors (3072K)
 Metaspace       used 65439K, committed 65920K, reserved 1114112K
  class space    used 9052K, committed 9280K, reserved 1048576K
}
Event: 9.231 GC heap after
{Heap after GC invocations=23 (full 0):
 garbage-first heap   total 56320K, used 31950K [0x000000008c200000, 0x0000000100000000)
  region size 1024K, 3 young (3072K), 3 survivors (3072K)
 Metaspace       used 65439K, committed 65920K, reserved 1114112K
  class space    used 9052K, committed 9280K, reserved 1048576K
}
Event: 9.510 GC heap before
{Heap before GC invocations=23 (full 0):
 garbage-first heap   total 56320K, used 46286K [0x000000008c200000, 0x0000000100000000)
  region size 1024K, 17 young (17408K), 3 survivors (3072K)
 Metaspace       used 67126K, committed 67648K, reserved 1114112K
  class space    used 9271K, committed 9536K, reserved 1048576K
}
Event: 9.513 GC heap after
{Heap after GC invocations=24 (full 0):
 garbage-first heap   total 56320K, used 33497K [0x000000008c200000, 0x0000000100000000)
  region size 1024K, 3 young (3072K), 3 survivors (3072K)
 Metaspace       used 67126K, committed 67648K, reserved 1114112K
  class space    used 9271K, committed 9536K, reserved 1048576K
}
Event: 9.886 GC heap before
{Heap before GC invocations=25 (full 0):
 garbage-first heap   total 58368K, used 45785K [0x000000008c200000, 0x0000000100000000)
  region size 1024K, 15 young (15360K), 3 survivors (3072K)
 Metaspace       used 69571K, committed 70016K, reserved 1114112K
  class space    used 9574K, committed 9792K, reserved 1048576K
}
Event: 9.888 GC heap after
{Heap after GC invocations=26 (full 0):
 garbage-first heap   total 58368K, used 34545K [0x000000008c200000, 0x0000000100000000)
  region size 1024K, 2 young (2048K), 2 survivors (2048K)
 Metaspace       used 69571K, committed 70016K, reserved 1114112K
  class space    used 9574K, committed 9792K, reserved 1048576K
}

